<?xml version="1.0" encoding="UTF-8"?>
<testsuite name="com.whatsappsync.app.data.service.WhatsAppExportParserTest" tests="3" skipped="0" failures="0" errors="0" timestamp="2026-07-16T13:40:16" hostname="00f48153-969" time="0.058">
  <properties/>
  <testcase name="excludesRecordsBeforeNinetyDayCutoff" classname="com.whatsappsync.app.data.service.WhatsAppExportParserTest" time="0.047"/>
  <testcase name="deduplicatesRepeatedExportRecords" classname="com.whatsappsync.app.data.service.WhatsAppExportParserTest" time="0.005"/>
  <testcase name="parsesAndroidExportAndMultilineMessages" classname="com.whatsappsync.app.data.service.WhatsAppExportParserTest" time="0.004"/>
  <system-out><![CDATA[]]></system-out>
  <system-err><![CDATA[]]></system-err>
</testsuite>
